2023-07-04 02:08:57.796 INFO  org.hibernate.validator.internal.util.Version     :21   [32m                  [0;39m HV000001: Hibernate Validator 6.1.6.Final
2023-07-04 02:08:57.813 INFO  com.example.blog.BlogApplication                  :55   [32m                  [0;39m Starting BlogApplication on LAPTOP-TR0VVFJE with PID 23100 (D:\IDEA\demo\blog\target\classes started by 陈 in D:\IDEA\demo\blog)
2023-07-04 02:08:57.813 INFO  com.example.blog.BlogApplication                  :651  [32m                  [0;39m No active profile set, falling back to default profiles: default
2023-07-04 02:08:57.849 INFO  o.s.b.d.env.DevToolsPropertyDefaultsPostProcessor :225  [32m                  [0;39m Devtools property defaults active! Set 'spring.devtools.add-properties' to 'false' to disable
2023-07-04 02:08:57.849 INFO  o.s.b.d.env.DevToolsPropertyDefaultsPostProcessor :225  [32m                  [0;39m For additional web related logging consider setting the 'logging.level.web' property to 'DEBUG'
2023-07-04 02:08:58.564 INFO  o.s.d.r.config.RepositoryConfigurationDelegate    :249  [32m                  [0;39m Multiple Spring Data modules found, entering strict repository configuration mode!
2023-07-04 02:08:58.565 INFO  o.s.d.r.config.RepositoryConfigurationDelegate    :127  [32m                  [0;39m Bootstrapping Spring Data Redis repositories in DEFAULT mode.
2023-07-04 02:08:58.584 INFO  o.s.d.r.config.RepositoryConfigurationDelegate    :187  [32m                  [0;39m Finished Spring Data repository scanning in 8ms. Found 0 Redis repository interfaces.
2023-07-04 02:08:59.081 INFO  o.s.boot.web.embedded.tomcat.TomcatWebServer      :108  [32m                  [0;39m Tomcat initialized with port(s): 8080 (http)
2023-07-04 02:08:59.087 INFO  org.apache.coyote.http11.Http11NioProtocol        :173  [32m                  [0;39m Initializing ProtocolHandler ["http-nio-8080"]
2023-07-04 02:08:59.087 INFO  org.apache.catalina.core.StandardService          :173  [32m                  [0;39m Starting service [Tomcat]
2023-07-04 02:08:59.087 INFO  org.apache.catalina.core.StandardEngine           :173  [32m                  [0;39m Starting Servlet engine: [Apache Tomcat/9.0.41]
2023-07-04 02:08:59.186 INFO  o.a.c.core.ContainerBase.[Tomcat].[localhost].[/] :173  [32m                  [0;39m Initializing Spring embedded WebApplicationContext
2023-07-04 02:08:59.186 INFO  o.s.b.w.s.c.ServletWebServerApplicationContext    :285  [32m                  [0;39m Root WebApplicationContext: initialization completed in 1336 ms
2023-07-04 02:09:00.038 INFO  o.s.b.d.autoconfigure.OptionalLiveReloadServer    :58   [32m                  [0;39m LiveReload server is running on port 35729
2023-07-04 02:09:00.057 INFO  org.apache.coyote.http11.Http11NioProtocol        :173  [32m                  [0;39m Starting ProtocolHandler ["http-nio-8080"]
2023-07-04 02:09:00.070 INFO  o.s.boot.web.embedded.tomcat.TomcatWebServer      :220  [32m                  [0;39m Tomcat started on port(s): 8080 (http) with context path ''
2023-07-04 02:09:00.077 INFO  com.example.blog.BlogApplication                  :61   [32m                  [0;39m Started BlogApplication in 2.592 seconds (JVM running for 3.626)
2023-07-04 02:11:06.025 INFO  o.a.c.core.ContainerBase.[Tomcat].[localhost].[/] :173  [32m                  [0;39m Initializing Spring DispatcherServlet 'dispatcherServlet'
2023-07-04 02:11:06.025 INFO  org.springframework.web.servlet.DispatcherServlet :525  [32m                  [0;39m Initializing Servlet 'dispatcherServlet'
2023-07-04 02:11:06.031 INFO  org.springframework.web.servlet.DispatcherServlet :547  [32m                  [0;39m Completed initialization in 6 ms
2023-07-04 02:11:06.050 WARN  org.springframework.web.servlet.PageNotFound      :1251 [32m                  [0;39m No mapping for GET /favicon.ico
2023-07-04 02:11:06.833 INFO  com.example.blog.aspect.LogAspect                 :54   [32m331134709084065792[0;39m ------------- 开始 -------------
2023-07-04 02:11:06.834 INFO  com.example.blog.aspect.LogAspect                 :55   [32m331134709084065792[0;39m 请求地址: http://localhost:8080/user/getpassword POST
2023-07-04 02:11:06.834 INFO  com.example.blog.aspect.LogAspect                 :56   [32m331134709084065792[0;39m 类名方法: com.example.blog.controller.UserController.getpassword
2023-07-04 02:11:06.834 INFO  com.example.blog.aspect.LogAspect                 :57   [32m331134709084065792[0;39m 远程地址: 127.0.0.1
2023-07-04 02:11:06.881 INFO  com.example.blog.aspect.LogAspect                 :79   [32m331134709084065792[0;39m 请求参数: [{"hash":"c8fa94036ec1a4b8","key":"-----BEGIN PUBLIC KEY-----\nMIGfMA0GCSqGSIb3DQEBAQUAA4GNADCBiQKBgQDjb4V7EidX/ym28t2ybo0U6t0n\n6p4ej8VjqKHg100va6jkNbNTrLQqMCQCAYtXMXXp2Fwkk6WR+12N9zknLjf+C9sx\n/+l48mjUU8RqahiFD1XT/u2e0m2EN029OhCgkHx3Fc/KlFSIbak93EH/XlYis0w+\nXl69GV6klzgxW6d2xQIDAQAB\n-----END PUBLIC KEY-----\n","page":0,"size":0}]
2023-07-04 02:11:07.079 INFO  com.example.blog.aspect.LogAspect                 :91   [32m331134709084065792[0;39m 返回结果: {"data":"3jaC9ihscDK15ICTMSTCwtNPpj6tUD2OdRJaq2HyteWFMNZvAGaCkx1lG/GvKBGvHjPVA3drKf8b9P8SBo8T5Gpolf73NrY4G6CStg3wcISKlYr3YlNK67BD0iCNQfPq/ZEnIgBcueWxN45msT8m06A3z0HLClgQOcfwvsB2d68=","success":true}
2023-07-04 02:11:07.079 INFO  com.example.blog.aspect.LogAspect                 :92   [32m331134709084065792[0;39m ------------- 结束 耗时：248 ms -------------
